mobile/android/oxo-android-ben42/src/app/build/intermediates/manifest_merge_blame_file/release/processReleaseMainManifest/manifest-merger-blame-release-report.txt
1<?xml version="1.0" encoding="utf-8"?>
2<manifest xmlns:android="http://schemas.android.com/apk/res/android"
3    package="co.ostorlab.myapplication"
4    android:versionCode="1"
5    android:versionName="1.0" >
6
7    <uses-sdk
8        android:minSdkVersion="24"
9        android:targetSdkVersion="34" />
10
11    <uses-permission android:name="android.permission.INTERNET" />
11-->src/main/AndroidManifest.xml:5:5-67
11-->src/main/AndroidManifest.xml:5:22-64
12
13    <permission
13-->[androidx.core:core:1.12.0] AndroidManifest.xml:22:5-24:47
14        android:name="co.ostorlab.myapplication.DYNAMIC_RECEIVER_NOT_EXPORTED_PERMISSION"
14-->[androidx.core:core:1.12.0] AndroidManifest.xml:23:9-81
15        android:protectionLevel="signature" />
15-->[androidx.core:core:1.12.0] AndroidManifest.xml:24:9-44
16
17    <uses-permission android:name="co.ostorlab.myapplication.DYNAMIC_RECEIVER_NOT_EXPORTED_PERMISSION" />
17-->[androidx.core:core:1.12.0] AndroidManifest.xml:26:5-97
17-->[androidx.core:core:1.12.0] AndroidManifest.xml:26:22-94
18
19    <application
19-->src/main/AndroidManifest.xml:7:5-76:19
20        android:allowBackup="true"
20-->src/main/AndroidManifest.xml:8:9-35
21        android:appComponentFactory="androidx.core.app.CoreComponentFactory"
21-->[androidx.core:core:1.12.0] AndroidManifest.xml:28:18-86
22        android:dataExtractionRules="@xml/data_extraction_rules"
22-->src/main/AndroidManifest.xml:9:9-65
23        android:extractNativeLibs="false"
24        android:fullBackupContent="@xml/backup_rules"
24-->src/main/AndroidManifest.xml:10:9-54
25        android:icon="@mipmap/ic_launcher"
25-->src/main/AndroidManifest.xml:11:9-43
26        android:label="@string/app_name"
26-->src/main/AndroidManifest.xml:12:9-41
27        android:roundIcon="@mipmap/ic_launcher_round"
27-->src/main/AndroidManifest.xml:13:9-54
28        android:supportsRtl="true"
28-->src/main/AndroidManifest.xml:14:9-35
29        android:theme="@style/Theme.MyApplication" >
29-->src/main/AndroidManifest.xml:15:9-51
30
31        <!-- Main Activity - News Feed -->
32        <activity
32-->src/main/AndroidManifest.xml:19:9-28:20
33            android:name="co.ostorlab.myapplication.MainActivity"
33-->src/main/AndroidManifest.xml:20:13-41
34            android:exported="true"
34-->src/main/AndroidManifest.xml:21:13-36
35            android:label="@string/app_name"
35-->src/main/AndroidManifest.xml:22:13-45
36            android:theme="@style/Theme.MyApplication" >
36-->src/main/AndroidManifest.xml:23:13-55
37            <intent-filter>
37-->src/main/AndroidManifest.xml:24:13-27:29
38                <action android:name="android.intent.action.MAIN" />
38-->src/main/AndroidManifest.xml:25:17-69
38-->src/main/AndroidManifest.xml:25:25-66
39
40                <category android:name="android.intent.category.LAUNCHER" />
40-->src/main/AndroidManifest.xml:26:17-77
40-->src/main/AndroidManifest.xml:26:27-74
41            </intent-filter>
42        </activity>
43
44        <!-- Deep Link Handler Activity - VULNERABLE -->
45        <activity
45-->src/main/AndroidManifest.xml:31:9-42:20
46            android:name="co.ostorlab.myapplication.DeepLinkHandlerActivity"
46-->src/main/AndroidManifest.xml:32:13-52
47            android:exported="true"
47-->src/main/AndroidManifest.xml:33:13-36
48            android:label="Deep Link Handler"
48-->src/main/AndroidManifest.xml:34:13-46
49            android:theme="@style/Theme.MyApplication" >
49-->src/main/AndroidManifest.xml:35:13-55
50            <intent-filter>
50-->src/main/AndroidManifest.xml:36:13-41:29
51                <action android:name="android.intent.action.VIEW" />
51-->src/main/AndroidManifest.xml:37:17-69
51-->src/main/AndroidManifest.xml:37:25-66
52
53                <category android:name="android.intent.category.DEFAULT" />
53-->src/main/AndroidManifest.xml:38:17-76
53-->src/main/AndroidManifest.xml:38:27-73
54                <category android:name="android.intent.category.BROWSABLE" />
54-->src/main/AndroidManifest.xml:39:17-78
54-->src/main/AndroidManifest.xml:39:27-75
55
56                <data android:scheme="newsreader" />
56-->src/main/AndroidManifest.xml:40:17-53
56-->src/main/AndroidManifest.xml:40:23-50
57            </intent-filter>
58        </activity>
59
60        <!-- Article Viewer Activity - VULNERABLE to JavaScript Interface exploitation -->
61        <activity
61-->src/main/AndroidManifest.xml:45:9-54:20
62            android:name="co.ostorlab.myapplication.ArticleViewerActivity"
62-->src/main/AndroidManifest.xml:46:13-50
63            android:exported="true"
63-->src/main/AndroidManifest.xml:47:13-36
64            android:label="Article Viewer"
64-->src/main/AndroidManifest.xml:48:13-43
65            android:theme="@style/Theme.MyApplication" >
65-->src/main/AndroidManifest.xml:49:13-55
66            <intent-filter>
66-->src/main/AndroidManifest.xml:50:13-53:29
67                <action android:name="android.intent.action.VIEW" />
67-->src/main/AndroidManifest.xml:37:17-69
67-->src/main/AndroidManifest.xml:37:25-66
68
69                <category android:name="android.intent.category.DEFAULT" />
69-->src/main/AndroidManifest.xml:38:17-76
69-->src/main/AndroidManifest.xml:38:27-73
70            </intent-filter>
71        </activity>
72
73        <!-- User Profile Activity -->
74        <activity
74-->src/main/AndroidManifest.xml:57:9-61:58
75            android:name="co.ostorlab.myapplication.UserProfileActivity"
75-->src/main/AndroidManifest.xml:58:13-48
76            android:exported="false"
76-->src/main/AndroidManifest.xml:59:13-37
77            android:label="Profile"
77-->src/main/AndroidManifest.xml:60:13-36
78            android:theme="@style/Theme.MyApplication" />
78-->src/main/AndroidManifest.xml:61:13-55
79
80        <!-- Settings Activity -->
81        <activity
81-->src/main/AndroidManifest.xml:64:9-68:58
82            android:name="co.ostorlab.myapplication.SettingsActivity"
82-->src/main/AndroidManifest.xml:65:13-45
83            android:exported="false"
83-->src/main/AndroidManifest.xml:66:13-37
84            android:label="Settings"
84-->src/main/AndroidManifest.xml:67:13-37
85            android:theme="@style/Theme.MyApplication" />
85-->src/main/AndroidManifest.xml:68:13-55
86
87        <!-- Premium Content Activity -->
88        <activity
88-->src/main/AndroidManifest.xml:71:9-75:58
89            android:name="co.ostorlab.myapplication.PremiumContentActivity"
89-->src/main/AndroidManifest.xml:72:13-51
90            android:exported="false"
90-->src/main/AndroidManifest.xml:73:13-37
91            android:label="Premium Content"
91-->src/main/AndroidManifest.xml:74:13-44
92            android:theme="@style/Theme.MyApplication" />
92-->src/main/AndroidManifest.xml:75:13-55
93
94        <provider
94-->[androidx.emoji2:emoji2:1.4.0] AndroidManifest.xml:24:9-32:20
95            android:name="androidx.startup.InitializationProvider"
95-->[androidx.emoji2:emoji2:1.4.0] AndroidManifest.xml:25:13-67
96            android:authorities="co.ostorlab.myapplication.androidx-startup"
96-->[androidx.emoji2:emoji2:1.4.0] AndroidManifest.xml:26:13-68
97            android:exported="false" >
97-->[androidx.emoji2:emoji2:1.4.0] AndroidManifest.xml:27:13-37
98            <meta-data
98-->[androidx.emoji2:emoji2:1.4.0] AndroidManifest.xml:29:13-31:52
99                android:name="androidx.emoji2.text.EmojiCompatInitializer"
99-->[androidx.emoji2:emoji2:1.4.0] AndroidManifest.xml:30:17-75
100                android:value="androidx.startup" />
100-->[androidx.emoji2:emoji2:1.4.0] AndroidManifest.xml:31:17-49
101            <meta-data
101-->[androidx.lifecycle:lifecycle-process:2.7.0] AndroidManifest.xml:29:13-31:52
102                android:name="androidx.lifecycle.ProcessLifecycleInitializer"
102-->[androidx.lifecycle:lifecycle-process:2.7.0] AndroidManifest.xml:30:17-78
103                android:value="androidx.startup" />
103-->[androidx.lifecycle:lifecycle-process:2.7.0] AndroidManifest.xml:31:17-49
104            <meta-data
104-->[androidx.profileinstaller:profileinstaller:1.3.0] AndroidManifest.xml:29:13-31:52
105                android:name="androidx.profileinstaller.ProfileInstallerInitializer"
105-->[androidx.profileinstaller:profileinstaller:1.3.0] AndroidManifest.xml:30:17-85
106                android:value="androidx.startup" />
106-->[androidx.profileinstaller:profileinstaller:1.3.0] AndroidManifest.xml:31:17-49
107        </provider>
108
109        <receiver
109-->[androidx.profileinstaller:profileinstaller:1.3.0] AndroidManifest.xml:34:9-52:20
110            android:name="androidx.profileinstaller.ProfileInstallReceiver"
110-->[androidx.profileinstaller:profileinstaller:1.3.0] AndroidManifest.xml:35:13-76
111            android:directBootAware="false"
111-->[androidx.profileinstaller:profileinstaller:1.3.0] AndroidManifest.xml:36:13-44
112            android:enabled="true"
112-->[androidx.profileinstaller:profileinstaller:1.3.0] AndroidManifest.xml:37:13-35
113            android:exported="true"
113-->[androidx.profileinstaller:profileinstaller:1.3.0] AndroidManifest.xml:38:13-36
114            android:permission="android.permission.DUMP" >
114-->[androidx.profileinstaller:profileinstaller:1.3.0] AndroidManifest.xml:39:13-57
115            <intent-filter>
115-->[androidx.profileinstaller:profileinstaller:1.3.0] AndroidManifest.xml:40:13-42:29
116                <action android:name="androidx.profileinstaller.action.INSTALL_PROFILE" />
116-->[androidx.profileinstaller:profileinstaller:1.3.0] AndroidManifest.xml:41:17-91
116-->[androidx.profileinstaller:profileinstaller:1.3.0] AndroidManifest.xml:41:25-88
117            </intent-filter>
118            <intent-filter>
118-->[androidx.profileinstaller:profileinstaller:1.3.0] AndroidManifest.xml:43:13-45:29
119                <action android:name="androidx.profileinstaller.action.SKIP_FILE" />
119-->[androidx.profileinstaller:profileinstaller:1.3.0] AndroidManifest.xml:44:17-85
119-->[androidx.profileinstaller:profileinstaller:1.3.0] AndroidManifest.xml:44:25-82
120            </intent-filter>
121            <intent-filter>
121-->[androidx.profileinstaller:profileinstaller:1.3.0] AndroidManifest.xml:46:13-48:29
122                <action android:name="androidx.profileinstaller.action.SAVE_PROFILE" />
122-->[androidx.profileinstaller:profileinstaller:1.3.0] AndroidManifest.xml:47:17-88
122-->[androidx.profileinstaller:profileinstaller:1.3.0] AndroidManifest.xml:47:25-85
123            </intent-filter>
124            <intent-filter>
124-->[androidx.profileinstaller:profileinstaller:1.3.0] AndroidManifest.xml:49:13-51:29
125                <action android:name="androidx.profileinstaller.action.BENCHMARK_OPERATION" />
125-->[androidx.profileinstaller:profileinstaller:1.3.0] AndroidManifest.xml:50:17-95
125-->[androidx.profileinstaller:profileinstaller:1.3.0] AndroidManifest.xml:50:25-92
126            </intent-filter>
127        </receiver>
128    </application>
129
130</manifest>